<?xml version="1.0" encoding="UTF-8"?>
<coverage generated="1709902060798" clover="3.2.0">
  <project timestamp="1709902060798" name="All files">
    <metrics statements="151" coveredstatements="94" conditionals="45" coveredconditionals="25" methods="25" coveredmethods="19" elements="221" coveredelements="138" complexity="0" loc="151" ncloc="151" packages="1" files="1" classes="1"/>
    <file name="index.js" path="C:\Projektit\TJTS5901\index.js">
      <metrics statements="151" coveredstatements="94" conditionals="45" coveredconditionals="25" methods="25" coveredmethods="19"/>
      <line num="1" count="4" type="stmt"/>
      <line num="2" count="4" type="stmt"/>
      <line num="3" count="4" type="stmt"/>
      <line num="4" count="4" type="stmt"/>
      <line num="7" count="4" type="stmt"/>
      <line num="9" count="4" type="stmt"/>
      <line num="12" count="4" type="stmt"/>
      <line num="13" count="5" type="stmt"/>
      <line num="18" count="5" type="stmt"/>
      <line num="21" count="5" type="stmt"/>
      <line num="22" count="5" type="stmt"/>
      <line num="26" count="5" type="stmt"/>
      <line num="27" count="5" type="cond" truecount="3" falsecount="1"/>
      <line num="28" count="5" type="stmt"/>
      <line num="29" count="5" type="stmt"/>
      <line num="30" count="5" type="stmt"/>
      <line num="32" count="5" type="stmt"/>
      <line num="33" count="5" type="stmt"/>
      <line num="35" count="5" type="stmt"/>
      <line num="36" count="5" type="stmt"/>
      <line num="37" count="5" type="stmt"/>
      <line num="39" count="0" type="stmt"/>
      <line num="43" count="0" type="stmt"/>
      <line num="49" count="4" type="stmt"/>
      <line num="51" count="4" type="stmt"/>
      <line num="78" count="4" type="stmt"/>
      <line num="81" count="4" type="stmt"/>
      <line num="86" count="4" type="stmt"/>
      <line num="87" count="1" type="stmt"/>
      <line num="91" count="4" type="stmt"/>
      <line num="92" count="1" type="stmt"/>
      <line num="96" count="4" type="stmt"/>
      <line num="97" count="1" type="stmt"/>
      <line num="101" count="4" type="stmt"/>
      <line num="102" count="2" type="stmt"/>
      <line num="103" count="2" type="stmt"/>
      <line num="104" count="2" type="cond" truecount="2" falsecount="0"/>
      <line num="105" count="1" type="stmt"/>
      <line num="107" count="1" type="stmt"/>
      <line num="112" count="4" type="stmt"/>
      <line num="113" count="2" type="stmt"/>
      <line num="116" count="2" type="cond" truecount="5" falsecount="0"/>
      <line num="117" count="1" type="stmt"/>
      <line num="122" count="1" type="stmt"/>
      <line num="131" count="1" type="stmt"/>
      <line num="136" count="1" type="stmt"/>
      <line num="139" count="1" type="cond" truecount="3" falsecount="1"/>
      <line num="140" count="0" type="stmt"/>
      <line num="142" count="0" type="stmt"/>
      <line num="144" count="0" type="stmt"/>
      <line num="146" count="1" type="stmt"/>
      <line num="149" count="1" type="stmt"/>
      <line num="150" count="1" type="stmt"/>
      <line num="153" count="1" type="cond" truecount="2" falsecount="2"/>
      <line num="156" count="0" type="stmt"/>
      <line num="159" count="0" type="stmt"/>
      <line num="160" count="0" type="stmt"/>
      <line num="162" count="0" type="stmt"/>
      <line num="163" count="0" type="stmt"/>
      <line num="165" count="0" type="stmt"/>
      <line num="166" count="0" type="stmt"/>
      <line num="167" count="0" type="stmt"/>
      <line num="168" count="0" type="stmt"/>
      <line num="169" count="0" type="stmt"/>
      <line num="170" count="0" type="stmt"/>
      <line num="171" count="0" type="stmt"/>
      <line num="172" count="0" type="stmt"/>
      <line num="173" count="0" type="stmt"/>
      <line num="176" count="1" type="stmt"/>
      <line num="177" count="1" type="stmt"/>
      <line num="178" count="1" type="stmt"/>
      <line num="179" count="1" type="stmt"/>
      <line num="180" count="1" type="stmt"/>
      <line num="187" count="4" type="stmt"/>
      <line num="188" count="3" type="stmt"/>
      <line num="189" count="3" type="stmt"/>
      <line num="191" count="3" type="cond" truecount="2" falsecount="0"/>
      <line num="192" count="2" type="stmt"/>
      <line num="193" count="2" type="stmt"/>
      <line num="197" count="1" type="stmt"/>
      <line num="201" count="1" type="cond" truecount="1" falsecount="1"/>
      <line num="202" count="0" type="stmt"/>
      <line num="203" count="0" type="stmt"/>
      <line num="207" count="0" type="stmt"/>
      <line num="210" count="0" type="stmt"/>
      <line num="214" count="1" type="stmt"/>
      <line num="220" count="1" type="cond" truecount="1" falsecount="1"/>
      <line num="221" count="0" type="stmt"/>
      <line num="228" count="0" type="stmt"/>
      <line num="230" count="0" type="cond" truecount="0" falsecount="2"/>
      <line num="231" count="0" type="stmt"/>
      <line num="232" count="0" type="stmt"/>
      <line num="236" count="0" type="stmt"/>
      <line num="238" count="0" type="cond" truecount="0" falsecount="2"/>
      <line num="240" count="0" type="stmt"/>
      <line num="241" count="0" type="cond" truecount="0" falsecount="2"/>
      <line num="242" count="0" type="stmt"/>
      <line num="249" count="0" type="stmt"/>
      <line num="250" count="0" type="cond" truecount="0" falsecount="2"/>
      <line num="251" count="0" type="stmt"/>
      <line num="253" count="0" type="stmt"/>
      <line num="254" count="0" type="stmt"/>
      <line num="256" count="0" type="stmt"/>
      <line num="258" count="0" type="stmt"/>
      <line num="259" count="0" type="stmt"/>
      <line num="263" count="0" type="stmt"/>
      <line num="269" count="0" type="stmt"/>
      <line num="271" count="0" type="stmt"/>
      <line num="272" count="0" type="stmt"/>
      <line num="273" count="0" type="stmt"/>
      <line num="276" count="0" type="stmt"/>
      <line num="280" count="1" type="stmt"/>
      <line num="286" count="1" type="stmt"/>
      <line num="289" count="1" type="cond" truecount="1" falsecount="1"/>
      <line num="290" count="0" type="stmt"/>
      <line num="291" count="0" type="stmt"/>
      <line num="295" count="1" type="stmt"/>
      <line num="297" count="1" type="cond" truecount="1" falsecount="1"/>
      <line num="298" count="0" type="stmt"/>
      <line num="299" count="0" type="cond" truecount="0" falsecount="2"/>
      <line num="300" count="0" type="stmt"/>
      <line num="307" count="1" type="stmt"/>
      <line num="308" count="1" type="cond" truecount="1" falsecount="1"/>
      <line num="309" count="1" type="stmt"/>
      <line num="311" count="2" type="stmt"/>
      <line num="312" count="1" type="stmt"/>
      <line num="314" count="0" type="stmt"/>
      <line num="316" count="0" type="stmt"/>
      <line num="317" count="0" type="stmt"/>
      <line num="321" count="1" type="stmt"/>
      <line num="327" count="1" type="stmt"/>
      <line num="329" count="1" type="stmt"/>
      <line num="330" count="1" type="stmt"/>
      <line num="333" count="1" type="stmt"/>
      <line num="339" count="4" type="stmt"/>
      <line num="340" count="2" type="stmt"/>
      <line num="344" count="4" type="stmt"/>
      <line num="345" count="0" type="stmt"/>
      <line num="348" count="4" type="stmt"/>
      <line num="349" count="1" type="cond" truecount="1" falsecount="1"/>
      <line num="350" count="0" type="stmt"/>
      <line num="352" count="1" type="stmt"/>
      <line num="355" count="4" type="cond" truecount="2" falsecount="0"/>
      <line num="356" count="4" type="stmt"/>
      <line num="357" count="1" type="stmt"/>
      <line num="360" count="4" type="stmt"/>
      <line num="361" count="2" type="stmt"/>
      <line num="365" count="4" type="stmt"/>
      <line num="366" count="5" type="stmt"/>
      <line num="367" count="5" type="stmt"/>
      <line num="370" count="4" type="stmt"/>
    </file>
  </project>
</coverage>
