{"C:\\Projektit\\TJTS5901\\index.js": {"path":"C:\\Projektit\\TJTS5901\\index.js","statementMap":{"0":{"start":{"line":1,"column":16},"end":{"line":1,"column":34}},"1":{"start":{"line":2,"column":12},"end":{"line":2,"column":21}},"2":{"start":{"line":3,"column":14},"end":{"line":3,"column":30}},"3":{"start":{"line":4,"column":12},"end":{"line":4,"column":63}},"4":{"start":{"line":7,"column":0},"end":{"line":7,"column":23}},"5":{"start":{"line":9,"column":16},"end":{"line":9,"column":17}},"6":{"start":{"line":12,"column":16},"end":{"line":45,"column":1}},"7":{"start":{"line":13,"column":2},"end":{"line":44,"column":3}},"8":{"start":{"line":18,"column":13},"end":{"line":18,"column":15}},"9":{"start":{"line":21,"column":2},"end":{"line":23,"column":5}},"10":{"start":{"line":22,"column":6},"end":{"line":22,"column":20}},"11":{"start":{"line":26,"column":2},"end":{"line":41,"column":5}},"12":{"start":{"line":27,"column":6},"end":{"line":40,"column":7}},"13":{"start":{"line":28,"column":8},"end":{"line":28,"column":48}},"14":{"start":{"line":29,"column":8},"end":{"line":29,"column":55}},"15":{"start":{"line":30,"column":8},"end":{"line":30,"column":38}},"16":{"start":{"line":32,"column":8},"end":{"line":32,"column":45}},"17":{"start":{"line":33,"column":8},"end":{"line":33,"column":39}},"18":{"start":{"line":35,"column":8},"end":{"line":35,"column":42}},"19":{"start":{"line":36,"column":8},"end":{"line":36,"column":30}},"20":{"start":{"line":37,"column":8},"end":{"line":37,"column":21}},"21":{"start":{"line":39,"column":10},"end":{"line":39,"column":73}},"22":{"start":{"line":43,"column":2},"end":{"line":43,"column":39}},"23":{"start":{"line":49,"column":16},"end":{"line":49,"column":26}},"24":{"start":{"line":51,"column":0},"end":{"line":51,"column":9}},"25":{"start":{"line":78,"column":13},"end":{"line":78,"column":15}},"26":{"start":{"line":81,"column":13},"end":{"line":81,"column":15}},"27":{"start":{"line":86,"column":0},"end":{"line":88,"column":2}},"28":{"start":{"line":87,"column":2},"end":{"line":87,"column":40}},"29":{"start":{"line":91,"column":0},"end":{"line":93,"column":2}},"30":{"start":{"line":92,"column":2},"end":{"line":92,"column":23}},"31":{"start":{"line":96,"column":0},"end":{"line":98,"column":2}},"32":{"start":{"line":97,"column":2},"end":{"line":97,"column":23}},"33":{"start":{"line":101,"column":0},"end":{"line":109,"column":2}},"34":{"start":{"line":102,"column":13},"end":{"line":102,"column":38}},"35":{"start":{"line":103,"column":16},"end":{"line":103,"column":53}},"36":{"start":{"line":103,"column":37},"end":{"line":103,"column":52}},"37":{"start":{"line":104,"column":2},"end":{"line":108,"column":5}},"38":{"start":{"line":105,"column":6},"end":{"line":105,"column":26}},"39":{"start":{"line":107,"column":6},"end":{"line":107,"column":32}},"40":{"start":{"line":112,"column":0},"end":{"line":184,"column":2}},"41":{"start":{"line":113,"column":15},"end":{"line":113,"column":27}},"42":{"start":{"line":116,"column":2},"end":{"line":120,"column":3}},"43":{"start":{"line":117,"column":6},"end":{"line":119,"column":8}},"44":{"start":{"line":122,"column":16},"end":{"line":127,"column":3}},"45":{"start":{"line":131,"column":2},"end":{"line":131,"column":39}},"46":{"start":{"line":136,"column":14},"end":{"line":136,"column":24}},"47":{"start":{"line":139,"column":2},"end":{"line":147,"column":3}},"48":{"start":{"line":140,"column":4},"end":{"line":140,"column":79}},"49":{"start":{"line":142,"column":4},"end":{"line":142,"column":13}},"50":{"start":{"line":144,"column":4},"end":{"line":144,"column":19}},"51":{"start":{"line":146,"column":4},"end":{"line":146,"column":89}},"52":{"start":{"line":149,"column":2},"end":{"line":149,"column":41}},"53":{"start":{"line":150,"column":2},"end":{"line":150,"column":44}},"54":{"start":{"line":153,"column":2},"end":{"line":183,"column":3}},"55":{"start":{"line":156,"column":4},"end":{"line":156,"column":24}},"56":{"start":{"line":159,"column":4},"end":{"line":159,"column":75}},"57":{"start":{"line":160,"column":4},"end":{"line":160,"column":33}},"58":{"start":{"line":162,"column":4},"end":{"line":162,"column":17}},"59":{"start":{"line":163,"column":4},"end":{"line":163,"column":17}},"60":{"start":{"line":165,"column":4},"end":{"line":165,"column":43}},"61":{"start":{"line":166,"column":4},"end":{"line":166,"column":26}},"62":{"start":{"line":167,"column":4},"end":{"line":167,"column":23}},"63":{"start":{"line":168,"column":4},"end":{"line":168,"column":17}},"64":{"start":{"line":169,"column":4},"end":{"line":169,"column":26}},"65":{"start":{"line":170,"column":4},"end":{"line":170,"column":23}},"66":{"start":{"line":171,"column":4},"end":{"line":171,"column":17}},"67":{"start":{"line":172,"column":4},"end":{"line":172,"column":92}},"68":{"start":{"line":173,"column":4},"end":{"line":173,"column":17}},"69":{"start":{"line":176,"column":4},"end":{"line":176,"column":83}},"70":{"start":{"line":177,"column":4},"end":{"line":177,"column":17}},"71":{"start":{"line":178,"column":4},"end":{"line":178,"column":92}},"72":{"start":{"line":179,"column":4},"end":{"line":179,"column":17}},"73":{"start":{"line":180,"column":4},"end":{"line":182,"column":6}},"74":{"start":{"line":187,"column":20},"end":{"line":336,"column":1}},"75":{"start":{"line":188,"column":2},"end":{"line":188,"column":35}},"76":{"start":{"line":189,"column":2},"end":{"line":189,"column":21}},"77":{"start":{"line":191,"column":2},"end":{"line":194,"column":3}},"78":{"start":{"line":192,"column":4},"end":{"line":192,"column":64}},"79":{"start":{"line":193,"column":4},"end":{"line":193,"column":10}},"80":{"start":{"line":197,"column":22},"end":{"line":197,"column":45}},"81":{"start":{"line":201,"column":2},"end":{"line":211,"column":3}},"82":{"start":{"line":202,"column":4},"end":{"line":202,"column":80}},"83":{"start":{"line":203,"column":4},"end":{"line":203,"column":16}},"84":{"start":{"line":207,"column":4},"end":{"line":207,"column":17}},"85":{"start":{"line":210,"column":4},"end":{"line":210,"column":10}},"86":{"start":{"line":214,"column":24},"end":{"line":214,"column":26}},"87":{"start":{"line":220,"column":2},"end":{"line":335,"column":3}},"88":{"start":{"line":221,"column":4},"end":{"line":221,"column":36}},"89":{"start":{"line":228,"column":32},"end":{"line":228,"column":99}},"90":{"start":{"line":228,"column":66},"end":{"line":228,"column":98}},"91":{"start":{"line":230,"column":4},"end":{"line":233,"column":5}},"92":{"start":{"line":231,"column":6},"end":{"line":231,"column":84}},"93":{"start":{"line":232,"column":6},"end":{"line":232,"column":12}},"94":{"start":{"line":236,"column":27},"end":{"line":236,"column":49}},"95":{"start":{"line":238,"column":4},"end":{"line":245,"column":5}},"96":{"start":{"line":240,"column":6},"end":{"line":244,"column":7}},"97":{"start":{"line":240,"column":18},"end":{"line":240,"column":19}},"98":{"start":{"line":241,"column":8},"end":{"line":243,"column":9}},"99":{"start":{"line":242,"column":10},"end":{"line":242,"column":51}},"100":{"start":{"line":249,"column":24},"end":{"line":249,"column":25}},"101":{"start":{"line":250,"column":4},"end":{"line":260,"column":5}},"102":{"start":{"line":251,"column":6},"end":{"line":251,"column":47}},"103":{"start":{"line":253,"column":6},"end":{"line":253,"column":72}},"104":{"start":{"line":253,"column":40},"end":{"line":253,"column":71}},"105":{"start":{"line":254,"column":6},"end":{"line":254,"column":79}},"106":{"start":{"line":256,"column":6},"end":{"line":256,"column":42}},"107":{"start":{"line":258,"column":6},"end":{"line":258,"column":106}},"108":{"start":{"line":259,"column":6},"end":{"line":259,"column":54}},"109":{"start":{"line":263,"column":18},"end":{"line":267,"column":5}},"110":{"start":{"line":269,"column":4},"end":{"line":269,"column":33}},"111":{"start":{"line":271,"column":4},"end":{"line":271,"column":31}},"112":{"start":{"line":272,"column":4},"end":{"line":272,"column":22}},"113":{"start":{"line":273,"column":4},"end":{"line":273,"column":17}},"114":{"start":{"line":276,"column":4},"end":{"line":276,"column":17}},"115":{"start":{"line":280,"column":4},"end":{"line":280,"column":34}},"116":{"start":{"line":286,"column":30},"end":{"line":286,"column":97}},"117":{"start":{"line":286,"column":64},"end":{"line":286,"column":96}},"118":{"start":{"line":289,"column":4},"end":{"line":292,"column":5}},"119":{"start":{"line":290,"column":6},"end":{"line":290,"column":83}},"120":{"start":{"line":291,"column":6},"end":{"line":291,"column":12}},"121":{"start":{"line":295,"column":26},"end":{"line":295,"column":46}},"122":{"start":{"line":297,"column":4},"end":{"line":303,"column":5}},"123":{"start":{"line":298,"column":6},"end":{"line":302,"column":7}},"124":{"start":{"line":298,"column":18},"end":{"line":298,"column":19}},"125":{"start":{"line":299,"column":8},"end":{"line":301,"column":9}},"126":{"start":{"line":300,"column":10},"end":{"line":300,"column":48}},"127":{"start":{"line":307,"column":24},"end":{"line":307,"column":25}},"128":{"start":{"line":308,"column":4},"end":{"line":318,"column":5}},"129":{"start":{"line":309,"column":6},"end":{"line":309,"column":46}},"130":{"start":{"line":311,"column":6},"end":{"line":311,"column":71}},"131":{"start":{"line":311,"column":40},"end":{"line":311,"column":70}},"132":{"start":{"line":312,"column":6},"end":{"line":312,"column":78}},"133":{"start":{"line":314,"column":6},"end":{"line":314,"column":42}},"134":{"start":{"line":316,"column":6},"end":{"line":316,"column":104}},"135":{"start":{"line":317,"column":6},"end":{"line":317,"column":54}},"136":{"start":{"line":321,"column":18},"end":{"line":325,"column":5}},"137":{"start":{"line":327,"column":4},"end":{"line":327,"column":33}},"138":{"start":{"line":329,"column":4},"end":{"line":329,"column":31}},"139":{"start":{"line":330,"column":4},"end":{"line":330,"column":22}},"140":{"start":{"line":333,"column":4},"end":{"line":333,"column":17}},"141":{"start":{"line":339,"column":0},"end":{"line":341,"column":1}},"142":{"start":{"line":340,"column":2},"end":{"line":340,"column":56}},"143":{"start":{"line":340,"column":34},"end":{"line":340,"column":55}},"144":{"start":{"line":344,"column":0},"end":{"line":346,"column":1}},"145":{"start":{"line":345,"column":2},"end":{"line":345,"column":58}},"146":{"start":{"line":345,"column":34},"end":{"line":345,"column":57}},"147":{"start":{"line":348,"column":19},"end":{"line":353,"column":1}},"148":{"start":{"line":349,"column":18},"end":{"line":351,"column":11}},"149":{"start":{"line":350,"column":38},"end":{"line":350,"column":42}},"150":{"start":{"line":352,"column":4},"end":{"line":352,"column":20}},"151":{"start":{"line":355,"column":13},"end":{"line":355,"column":37}},"152":{"start":{"line":356,"column":15},"end":{"line":358,"column":2}},"153":{"start":{"line":357,"column":2},"end":{"line":357,"column":50}},"154":{"start":{"line":360,"column":18},"end":{"line":362,"column":1}},"155":{"start":{"line":361,"column":2},"end":{"line":361,"column":16}},"156":{"start":{"line":365,"column":20},"end":{"line":368,"column":1}},"157":{"start":{"line":366,"column":2},"end":{"line":366,"column":17}},"158":{"start":{"line":367,"column":2},"end":{"line":367,"column":43}},"159":{"start":{"line":370,"column":0},"end":{"line":370,"column":79}}},"fnMap":{"0":{"name":"(anonymous_0)","decl":{"start":{"line":12,"column":16},"end":{"line":12,"column":17}},"loc":{"start":{"line":12,"column":22},"end":{"line":45,"column":1}},"line":12},"1":{"name":"(anonymous_1)","decl":{"start":{"line":17,"column":3},"end":{"line":17,"column":4}},"loc":{"start":{"line":17,"column":17},"end":{"line":42,"column":1}},"line":17},"2":{"name":"(anonymous_2)","decl":{"start":{"line":21,"column":22},"end":{"line":21,"column":23}},"loc":{"start":{"line":21,"column":33},"end":{"line":23,"column":3}},"line":21},"3":{"name":"(anonymous_3)","decl":{"start":{"line":26,"column":21},"end":{"line":26,"column":22}},"loc":{"start":{"line":26,"column":27},"end":{"line":41,"column":3}},"line":26},"4":{"name":"(anonymous_4)","decl":{"start":{"line":42,"column":15},"end":{"line":42,"column":16}},"loc":{"start":{"line":42,"column":24},"end":{"line":44,"column":1}},"line":42},"5":{"name":"(anonymous_5)","decl":{"start":{"line":86,"column":13},"end":{"line":86,"column":14}},"loc":{"start":{"line":86,"column":36},"end":{"line":88,"column":1}},"line":86},"6":{"name":"(anonymous_6)","decl":{"start":{"line":91,"column":23},"end":{"line":91,"column":24}},"loc":{"start":{"line":91,"column":46},"end":{"line":93,"column":1}},"line":91},"7":{"name":"(anonymous_7)","decl":{"start":{"line":96,"column":23},"end":{"line":96,"column":24}},"loc":{"start":{"line":96,"column":46},"end":{"line":98,"column":1}},"line":96},"8":{"name":"(anonymous_8)","decl":{"start":{"line":101,"column":27},"end":{"line":101,"column":28}},"loc":{"start":{"line":101,"column":50},"end":{"line":109,"column":1}},"line":101},"9":{"name":"(anonymous_9)","decl":{"start":{"line":103,"column":28},"end":{"line":103,"column":29}},"loc":{"start":{"line":103,"column":37},"end":{"line":103,"column":52}},"line":103},"10":{"name":"(anonymous_10)","decl":{"start":{"line":112,"column":24},"end":{"line":112,"column":25}},"loc":{"start":{"line":112,"column":47},"end":{"line":184,"column":1}},"line":112},"11":{"name":"(anonymous_11)","decl":{"start":{"line":187,"column":20},"end":{"line":187,"column":21}},"loc":{"start":{"line":187,"column":26},"end":{"line":336,"column":1}},"line":187},"12":{"name":"(anonymous_12)","decl":{"start":{"line":228,"column":55},"end":{"line":228,"column":56}},"loc":{"start":{"line":228,"column":66},"end":{"line":228,"column":98}},"line":228},"13":{"name":"(anonymous_13)","decl":{"start":{"line":253,"column":29},"end":{"line":253,"column":30}},"loc":{"start":{"line":253,"column":40},"end":{"line":253,"column":71}},"line":253},"14":{"name":"(anonymous_14)","decl":{"start":{"line":286,"column":53},"end":{"line":286,"column":54}},"loc":{"start":{"line":286,"column":64},"end":{"line":286,"column":96}},"line":286},"15":{"name":"(anonymous_15)","decl":{"start":{"line":311,"column":29},"end":{"line":311,"column":30}},"loc":{"start":{"line":311,"column":40},"end":{"line":311,"column":70}},"line":311},"16":{"name":"(anonymous_16)","decl":{"start":{"line":339,"column":13},"end":{"line":339,"column":14}},"loc":{"start":{"line":339,"column":19},"end":{"line":341,"column":1}},"line":339},"17":{"name":"(anonymous_17)","decl":{"start":{"line":340,"column":23},"end":{"line":340,"column":24}},"loc":{"start":{"line":340,"column":34},"end":{"line":340,"column":55}},"line":340},"18":{"name":"(anonymous_18)","decl":{"start":{"line":344,"column":15},"end":{"line":344,"column":16}},"loc":{"start":{"line":344,"column":21},"end":{"line":346,"column":1}},"line":344},"19":{"name":"(anonymous_19)","decl":{"start":{"line":345,"column":23},"end":{"line":345,"column":24}},"loc":{"start":{"line":345,"column":34},"end":{"line":345,"column":57}},"line":345},"20":{"name":"(anonymous_20)","decl":{"start":{"line":348,"column":19},"end":{"line":348,"column":20}},"loc":{"start":{"line":348,"column":25},"end":{"line":353,"column":1}},"line":348},"21":{"name":"(anonymous_21)","decl":{"start":{"line":350,"column":33},"end":{"line":350,"column":34}},"loc":{"start":{"line":350,"column":38},"end":{"line":350,"column":42}},"line":350},"22":{"name":"(anonymous_22)","decl":{"start":{"line":356,"column":32},"end":{"line":356,"column":33}},"loc":{"start":{"line":356,"column":38},"end":{"line":358,"column":1}},"line":356},"23":{"name":"(anonymous_23)","decl":{"start":{"line":360,"column":18},"end":{"line":360,"column":19}},"loc":{"start":{"line":360,"column":24},"end":{"line":362,"column":1}},"line":360},"24":{"name":"(anonymous_24)","decl":{"start":{"line":365,"column":20},"end":{"line":365,"column":21}},"loc":{"start":{"line":365,"column":26},"end":{"line":368,"column":1}},"line":365}},"branchMap":{"0":{"loc":{"start":{"line":27,"column":6},"end":{"line":40,"column":7}},"type":"if","locations":[{"start":{"line":27,"column":6},"end":{"line":40,"column":7}},{"start":{"line":38,"column":13},"end":{"line":40,"column":7}}],"line":27},"1":{"loc":{"start":{"line":27,"column":10},"end":{"line":27,"column":68}},"type":"binary-expr","locations":[{"start":{"line":27,"column":10},"end":{"line":27,"column":37}},{"start":{"line":27,"column":41},"end":{"line":27,"column":68}}],"line":27},"2":{"loc":{"start":{"line":104,"column":2},"end":{"line":108,"column":5}},"type":"if","locations":[{"start":{"line":104,"column":2},"end":{"line":108,"column":5}},{"start":{"line":106,"column":11},"end":{"line":108,"column":5}}],"line":104},"3":{"loc":{"start":{"line":116,"column":2},"end":{"line":120,"column":3}},"type":"if","locations":[{"start":{"line":116,"column":2},"end":{"line":120,"column":3}},{"start":{},"end":{}}],"line":116},"4":{"loc":{"start":{"line":116,"column":5},"end":{"line":116,"column":49}},"type":"binary-expr","locations":[{"start":{"line":116,"column":5},"end":{"line":116,"column":16}},{"start":{"line":116,"column":20},"end":{"line":116,"column":31}},{"start":{"line":116,"column":35},"end":{"line":116,"column":49}}],"line":116},"5":{"loc":{"start":{"line":139,"column":2},"end":{"line":147,"column":3}},"type":"if","locations":[{"start":{"line":139,"column":2},"end":{"line":147,"column":3}},{"start":{"line":145,"column":9},"end":{"line":147,"column":3}}],"line":139},"6":{"loc":{"start":{"line":139,"column":6},"end":{"line":139,"column":84}},"type":"binary-expr","locations":[{"start":{"line":139,"column":6},"end":{"line":139,"column":42}},{"start":{"line":139,"column":46},"end":{"line":139,"column":84}}],"line":139},"7":{"loc":{"start":{"line":153,"column":2},"end":{"line":183,"column":3}},"type":"if","locations":[{"start":{"line":153,"column":2},"end":{"line":183,"column":3}},{"start":{"line":174,"column":9},"end":{"line":183,"column":3}}],"line":153},"8":{"loc":{"start":{"line":153,"column":6},"end":{"line":153,"column":68}},"type":"binary-expr","locations":[{"start":{"line":153,"column":6},"end":{"line":153,"column":35}},{"start":{"line":153,"column":39},"end":{"line":153,"column":68}}],"line":153},"9":{"loc":{"start":{"line":191,"column":2},"end":{"line":194,"column":3}},"type":"if","locations":[{"start":{"line":191,"column":2},"end":{"line":194,"column":3}},{"start":{},"end":{}}],"line":191},"10":{"loc":{"start":{"line":201,"column":2},"end":{"line":211,"column":3}},"type":"if","locations":[{"start":{"line":201,"column":2},"end":{"line":211,"column":3}},{"start":{},"end":{}}],"line":201},"11":{"loc":{"start":{"line":220,"column":2},"end":{"line":335,"column":3}},"type":"if","locations":[{"start":{"line":220,"column":2},"end":{"line":335,"column":3}},{"start":{"line":279,"column":9},"end":{"line":335,"column":3}}],"line":220},"12":{"loc":{"start":{"line":230,"column":4},"end":{"line":233,"column":5}},"type":"if","locations":[{"start":{"line":230,"column":4},"end":{"line":233,"column":5}},{"start":{},"end":{}}],"line":230},"13":{"loc":{"start":{"line":238,"column":4},"end":{"line":245,"column":5}},"type":"if","locations":[{"start":{"line":238,"column":4},"end":{"line":245,"column":5}},{"start":{},"end":{}}],"line":238},"14":{"loc":{"start":{"line":241,"column":8},"end":{"line":243,"column":9}},"type":"if","locations":[{"start":{"line":241,"column":8},"end":{"line":243,"column":9}},{"start":{},"end":{}}],"line":241},"15":{"loc":{"start":{"line":250,"column":4},"end":{"line":260,"column":5}},"type":"if","locations":[{"start":{"line":250,"column":4},"end":{"line":260,"column":5}},{"start":{"line":255,"column":11},"end":{"line":260,"column":5}}],"line":250},"16":{"loc":{"start":{"line":289,"column":4},"end":{"line":292,"column":5}},"type":"if","locations":[{"start":{"line":289,"column":4},"end":{"line":292,"column":5}},{"start":{},"end":{}}],"line":289},"17":{"loc":{"start":{"line":297,"column":4},"end":{"line":303,"column":5}},"type":"if","locations":[{"start":{"line":297,"column":4},"end":{"line":303,"column":5}},{"start":{},"end":{}}],"line":297},"18":{"loc":{"start":{"line":299,"column":8},"end":{"line":301,"column":9}},"type":"if","locations":[{"start":{"line":299,"column":8},"end":{"line":301,"column":9}},{"start":{},"end":{}}],"line":299},"19":{"loc":{"start":{"line":308,"column":4},"end":{"line":318,"column":5}},"type":"if","locations":[{"start":{"line":308,"column":4},"end":{"line":318,"column":5}},{"start":{"line":313,"column":11},"end":{"line":318,"column":5}}],"line":308},"20":{"loc":{"start":{"line":349,"column":18},"end":{"line":351,"column":11}},"type":"cond-expr","locations":[{"start":{"line":350,"column":10},"end":{"line":350,"column":44}},{"start":{"line":351,"column":10},"end":{"line":351,"column":11}}],"line":349},"21":{"loc":{"start":{"line":355,"column":13},"end":{"line":355,"column":37}},"type":"binary-expr","locations":[{"start":{"line":355,"column":13},"end":{"line":355,"column":29}},{"start":{"line":355,"column":33},"end":{"line":355,"column":37}}],"line":355}},"s":{"0":4,"1":4,"2":4,"3":4,"4":4,"5":4,"6":4,"7":5,"8":5,"9":5,"10":5,"11":5,"12":5,"13":5,"14":5,"15":5,"16":5,"17":5,"18":5,"19":5,"20":5,"21":0,"22":0,"23":4,"24":4,"25":4,"26":4,"27":4,"28":1,"29":4,"30":1,"31":4,"32":1,"33":4,"34":2,"35":2,"36":2,"37":2,"38":1,"39":1,"40":4,"41":2,"42":2,"43":1,"44":1,"45":1,"46":1,"47":1,"48":0,"49":0,"50":0,"51":1,"52":1,"53":1,"54":1,"55":0,"56":0,"57":0,"58":0,"59":0,"60":0,"61":0,"62":0,"63":0,"64":0,"65":0,"66":0,"67":0,"68":0,"69":1,"70":1,"71":1,"72":1,"73":1,"74":4,"75":3,"76":3,"77":3,"78":2,"79":2,"80":1,"81":1,"82":0,"83":0,"84":0,"85":0,"86":1,"87":1,"88":0,"89":0,"90":0,"91":0,"92":0,"93":0,"94":0,"95":0,"96":0,"97":0,"98":0,"99":0,"100":0,"101":0,"102":0,"103":0,"104":0,"105":0,"106":0,"107":0,"108":0,"109":0,"110":0,"111":0,"112":0,"113":0,"114":0,"115":1,"116":1,"117":1,"118":1,"119":0,"120":0,"121":1,"122":1,"123":0,"124":0,"125":0,"126":0,"127":1,"128":1,"129":1,"130":1,"131":2,"132":1,"133":0,"134":0,"135":0,"136":1,"137":1,"138":1,"139":1,"140":1,"141":4,"142":1,"143":2,"144":4,"145":0,"146":0,"147":4,"148":1,"149":0,"150":1,"151":4,"152":4,"153":1,"154":4,"155":2,"156":4,"157":5,"158":5,"159":4},"f":{"0":5,"1":5,"2":5,"3":5,"4":0,"5":1,"6":1,"7":1,"8":2,"9":2,"10":2,"11":3,"12":0,"13":0,"14":1,"15":2,"16":1,"17":2,"18":0,"19":0,"20":1,"21":0,"22":1,"23":2,"24":5},"b":{"0":[5,0],"1":[5,5],"2":[1,1],"3":[1,1],"4":[2,1,1],"5":[0,1],"6":[1,1],"7":[0,1],"8":[1,0],"9":[2,1],"10":[0,1],"11":[0,1],"12":[0,0],"13":[0,0],"14":[0,0],"15":[0,0],"16":[0,1],"17":[0,1],"18":[0,0],"19":[1,0],"20":[0,1],"21":[4,4]},"_coverageSchema":"1a1c01bbd47fc00a2c39e90264f33305004495a9","hash":"072e3e1d9fff65d794143c2b7d40bb152dbfdc85"}
}
