{"C:\\Projektit\\TJTS5901\\index.js": {"path":"C:\\Projektit\\TJTS5901\\index.js","statementMap":{"0":{"start":{"line":1,"column":16},"end":{"line":1,"column":34}},"1":{"start":{"line":2,"column":12},"end":{"line":2,"column":21}},"2":{"start":{"line":3,"column":14},"end":{"line":3,"column":30}},"3":{"start":{"line":4,"column":12},"end":{"line":4,"column":63}},"4":{"start":{"line":7,"column":0},"end":{"line":7,"column":23}},"5":{"start":{"line":9,"column":16},"end":{"line":9,"column":17}},"6":{"start":{"line":12,"column":16},"end":{"line":44,"column":1}},"7":{"start":{"line":13,"column":2},"end":{"line":43,"column":3}},"8":{"start":{"line":18,"column":13},"end":{"line":18,"column":15}},"9":{"start":{"line":21,"column":2},"end":{"line":23,"column":5}},"10":{"start":{"line":22,"column":6},"end":{"line":22,"column":20}},"11":{"start":{"line":26,"column":2},"end":{"line":40,"column":5}},"12":{"start":{"line":27,"column":6},"end":{"line":39,"column":7}},"13":{"start":{"line":28,"column":8},"end":{"line":28,"column":48}},"14":{"start":{"line":29,"column":8},"end":{"line":29,"column":55}},"15":{"start":{"line":30,"column":8},"end":{"line":30,"column":38}},"16":{"start":{"line":32,"column":8},"end":{"line":32,"column":45}},"17":{"start":{"line":34,"column":8},"end":{"line":34,"column":42}},"18":{"start":{"line":35,"column":8},"end":{"line":35,"column":30}},"19":{"start":{"line":36,"column":8},"end":{"line":36,"column":21}},"20":{"start":{"line":38,"column":10},"end":{"line":38,"column":73}},"21":{"start":{"line":42,"column":2},"end":{"line":42,"column":39}},"22":{"start":{"line":48,"column":16},"end":{"line":48,"column":26}},"23":{"start":{"line":50,"column":0},"end":{"line":50,"column":9}},"24":{"start":{"line":77,"column":13},"end":{"line":77,"column":15}},"25":{"start":{"line":80,"column":13},"end":{"line":80,"column":15}},"26":{"start":{"line":85,"column":0},"end":{"line":87,"column":2}},"27":{"start":{"line":86,"column":2},"end":{"line":86,"column":40}},"28":{"start":{"line":90,"column":0},"end":{"line":92,"column":2}},"29":{"start":{"line":91,"column":2},"end":{"line":91,"column":23}},"30":{"start":{"line":95,"column":0},"end":{"line":97,"column":2}},"31":{"start":{"line":96,"column":2},"end":{"line":96,"column":23}},"32":{"start":{"line":100,"column":0},"end":{"line":108,"column":2}},"33":{"start":{"line":101,"column":13},"end":{"line":101,"column":38}},"34":{"start":{"line":102,"column":16},"end":{"line":102,"column":53}},"35":{"start":{"line":102,"column":37},"end":{"line":102,"column":52}},"36":{"start":{"line":103,"column":2},"end":{"line":107,"column":5}},"37":{"start":{"line":104,"column":6},"end":{"line":104,"column":26}},"38":{"start":{"line":106,"column":6},"end":{"line":106,"column":32}},"39":{"start":{"line":111,"column":0},"end":{"line":183,"column":2}},"40":{"start":{"line":112,"column":15},"end":{"line":112,"column":27}},"41":{"start":{"line":115,"column":2},"end":{"line":119,"column":3}},"42":{"start":{"line":116,"column":6},"end":{"line":118,"column":8}},"43":{"start":{"line":121,"column":16},"end":{"line":126,"column":3}},"44":{"start":{"line":130,"column":2},"end":{"line":130,"column":39}},"45":{"start":{"line":135,"column":14},"end":{"line":135,"column":24}},"46":{"start":{"line":138,"column":2},"end":{"line":146,"column":3}},"47":{"start":{"line":139,"column":4},"end":{"line":139,"column":79}},"48":{"start":{"line":141,"column":4},"end":{"line":141,"column":13}},"49":{"start":{"line":143,"column":4},"end":{"line":143,"column":19}},"50":{"start":{"line":145,"column":4},"end":{"line":145,"column":89}},"51":{"start":{"line":148,"column":2},"end":{"line":148,"column":41}},"52":{"start":{"line":149,"column":2},"end":{"line":149,"column":44}},"53":{"start":{"line":152,"column":2},"end":{"line":182,"column":3}},"54":{"start":{"line":155,"column":4},"end":{"line":155,"column":24}},"55":{"start":{"line":158,"column":4},"end":{"line":158,"column":75}},"56":{"start":{"line":159,"column":4},"end":{"line":159,"column":33}},"57":{"start":{"line":161,"column":4},"end":{"line":161,"column":17}},"58":{"start":{"line":162,"column":4},"end":{"line":162,"column":17}},"59":{"start":{"line":164,"column":4},"end":{"line":164,"column":43}},"60":{"start":{"line":165,"column":4},"end":{"line":165,"column":26}},"61":{"start":{"line":166,"column":4},"end":{"line":166,"column":23}},"62":{"start":{"line":167,"column":4},"end":{"line":167,"column":17}},"63":{"start":{"line":168,"column":4},"end":{"line":168,"column":26}},"64":{"start":{"line":169,"column":4},"end":{"line":169,"column":23}},"65":{"start":{"line":170,"column":4},"end":{"line":170,"column":17}},"66":{"start":{"line":171,"column":4},"end":{"line":171,"column":92}},"67":{"start":{"line":172,"column":4},"end":{"line":172,"column":17}},"68":{"start":{"line":175,"column":4},"end":{"line":175,"column":83}},"69":{"start":{"line":176,"column":4},"end":{"line":176,"column":17}},"70":{"start":{"line":177,"column":4},"end":{"line":177,"column":92}},"71":{"start":{"line":178,"column":4},"end":{"line":178,"column":17}},"72":{"start":{"line":179,"column":4},"end":{"line":181,"column":6}},"73":{"start":{"line":186,"column":20},"end":{"line":335,"column":1}},"74":{"start":{"line":187,"column":2},"end":{"line":187,"column":35}},"75":{"start":{"line":188,"column":2},"end":{"line":188,"column":21}},"76":{"start":{"line":190,"column":2},"end":{"line":193,"column":3}},"77":{"start":{"line":191,"column":4},"end":{"line":191,"column":64}},"78":{"start":{"line":192,"column":4},"end":{"line":192,"column":10}},"79":{"start":{"line":196,"column":22},"end":{"line":196,"column":45}},"80":{"start":{"line":200,"column":2},"end":{"line":210,"column":3}},"81":{"start":{"line":201,"column":4},"end":{"line":201,"column":80}},"82":{"start":{"line":202,"column":4},"end":{"line":202,"column":16}},"83":{"start":{"line":206,"column":4},"end":{"line":206,"column":17}},"84":{"start":{"line":209,"column":4},"end":{"line":209,"column":10}},"85":{"start":{"line":213,"column":24},"end":{"line":213,"column":26}},"86":{"start":{"line":219,"column":2},"end":{"line":334,"column":3}},"87":{"start":{"line":220,"column":4},"end":{"line":220,"column":36}},"88":{"start":{"line":227,"column":32},"end":{"line":227,"column":99}},"89":{"start":{"line":227,"column":66},"end":{"line":227,"column":98}},"90":{"start":{"line":229,"column":4},"end":{"line":232,"column":5}},"91":{"start":{"line":230,"column":6},"end":{"line":230,"column":84}},"92":{"start":{"line":231,"column":6},"end":{"line":231,"column":12}},"93":{"start":{"line":235,"column":27},"end":{"line":235,"column":49}},"94":{"start":{"line":237,"column":4},"end":{"line":244,"column":5}},"95":{"start":{"line":239,"column":6},"end":{"line":243,"column":7}},"96":{"start":{"line":239,"column":18},"end":{"line":239,"column":19}},"97":{"start":{"line":240,"column":8},"end":{"line":242,"column":9}},"98":{"start":{"line":241,"column":10},"end":{"line":241,"column":51}},"99":{"start":{"line":248,"column":24},"end":{"line":248,"column":25}},"100":{"start":{"line":249,"column":4},"end":{"line":259,"column":5}},"101":{"start":{"line":250,"column":6},"end":{"line":250,"column":47}},"102":{"start":{"line":252,"column":6},"end":{"line":252,"column":72}},"103":{"start":{"line":252,"column":40},"end":{"line":252,"column":71}},"104":{"start":{"line":253,"column":6},"end":{"line":253,"column":79}},"105":{"start":{"line":255,"column":6},"end":{"line":255,"column":42}},"106":{"start":{"line":257,"column":6},"end":{"line":257,"column":106}},"107":{"start":{"line":258,"column":6},"end":{"line":258,"column":54}},"108":{"start":{"line":262,"column":18},"end":{"line":266,"column":5}},"109":{"start":{"line":268,"column":4},"end":{"line":268,"column":33}},"110":{"start":{"line":270,"column":4},"end":{"line":270,"column":31}},"111":{"start":{"line":271,"column":4},"end":{"line":271,"column":22}},"112":{"start":{"line":272,"column":4},"end":{"line":272,"column":17}},"113":{"start":{"line":275,"column":4},"end":{"line":275,"column":17}},"114":{"start":{"line":279,"column":4},"end":{"line":279,"column":34}},"115":{"start":{"line":285,"column":30},"end":{"line":285,"column":97}},"116":{"start":{"line":285,"column":64},"end":{"line":285,"column":96}},"117":{"start":{"line":288,"column":4},"end":{"line":291,"column":5}},"118":{"start":{"line":289,"column":6},"end":{"line":289,"column":83}},"119":{"start":{"line":290,"column":6},"end":{"line":290,"column":12}},"120":{"start":{"line":294,"column":26},"end":{"line":294,"column":46}},"121":{"start":{"line":296,"column":4},"end":{"line":302,"column":5}},"122":{"start":{"line":297,"column":6},"end":{"line":301,"column":7}},"123":{"start":{"line":297,"column":18},"end":{"line":297,"column":19}},"124":{"start":{"line":298,"column":8},"end":{"line":300,"column":9}},"125":{"start":{"line":299,"column":10},"end":{"line":299,"column":48}},"126":{"start":{"line":306,"column":24},"end":{"line":306,"column":25}},"127":{"start":{"line":307,"column":4},"end":{"line":317,"column":5}},"128":{"start":{"line":308,"column":6},"end":{"line":308,"column":46}},"129":{"start":{"line":310,"column":6},"end":{"line":310,"column":71}},"130":{"start":{"line":310,"column":40},"end":{"line":310,"column":70}},"131":{"start":{"line":311,"column":6},"end":{"line":311,"column":78}},"132":{"start":{"line":313,"column":6},"end":{"line":313,"column":42}},"133":{"start":{"line":315,"column":6},"end":{"line":315,"column":104}},"134":{"start":{"line":316,"column":6},"end":{"line":316,"column":54}},"135":{"start":{"line":320,"column":18},"end":{"line":324,"column":5}},"136":{"start":{"line":326,"column":4},"end":{"line":326,"column":33}},"137":{"start":{"line":328,"column":4},"end":{"line":328,"column":31}},"138":{"start":{"line":329,"column":4},"end":{"line":329,"column":22}},"139":{"start":{"line":332,"column":4},"end":{"line":332,"column":17}},"140":{"start":{"line":338,"column":0},"end":{"line":340,"column":1}},"141":{"start":{"line":339,"column":2},"end":{"line":339,"column":56}},"142":{"start":{"line":339,"column":34},"end":{"line":339,"column":55}},"143":{"start":{"line":343,"column":0},"end":{"line":345,"column":1}},"144":{"start":{"line":344,"column":2},"end":{"line":344,"column":58}},"145":{"start":{"line":344,"column":34},"end":{"line":344,"column":57}},"146":{"start":{"line":347,"column":19},"end":{"line":352,"column":1}},"147":{"start":{"line":348,"column":18},"end":{"line":350,"column":11}},"148":{"start":{"line":349,"column":38},"end":{"line":349,"column":42}},"149":{"start":{"line":351,"column":4},"end":{"line":351,"column":20}},"150":{"start":{"line":354,"column":13},"end":{"line":354,"column":37}},"151":{"start":{"line":355,"column":15},"end":{"line":357,"column":2}},"152":{"start":{"line":356,"column":2},"end":{"line":356,"column":50}},"153":{"start":{"line":359,"column":18},"end":{"line":361,"column":1}},"154":{"start":{"line":360,"column":2},"end":{"line":360,"column":16}},"155":{"start":{"line":364,"column":20},"end":{"line":367,"column":1}},"156":{"start":{"line":365,"column":2},"end":{"line":365,"column":17}},"157":{"start":{"line":366,"column":2},"end":{"line":366,"column":43}},"158":{"start":{"line":369,"column":0},"end":{"line":369,"column":90}}},"fnMap":{"0":{"name":"(anonymous_0)","decl":{"start":{"line":12,"column":16},"end":{"line":12,"column":17}},"loc":{"start":{"line":12,"column":22},"end":{"line":44,"column":1}},"line":12},"1":{"name":"(anonymous_1)","decl":{"start":{"line":17,"column":3},"end":{"line":17,"column":4}},"loc":{"start":{"line":17,"column":17},"end":{"line":41,"column":1}},"line":17},"2":{"name":"(anonymous_2)","decl":{"start":{"line":21,"column":22},"end":{"line":21,"column":23}},"loc":{"start":{"line":21,"column":33},"end":{"line":23,"column":3}},"line":21},"3":{"name":"(anonymous_3)","decl":{"start":{"line":26,"column":21},"end":{"line":26,"column":22}},"loc":{"start":{"line":26,"column":27},"end":{"line":40,"column":3}},"line":26},"4":{"name":"(anonymous_4)","decl":{"start":{"line":41,"column":15},"end":{"line":41,"column":16}},"loc":{"start":{"line":41,"column":24},"end":{"line":43,"column":1}},"line":41},"5":{"name":"(anonymous_5)","decl":{"start":{"line":85,"column":13},"end":{"line":85,"column":14}},"loc":{"start":{"line":85,"column":36},"end":{"line":87,"column":1}},"line":85},"6":{"name":"(anonymous_6)","decl":{"start":{"line":90,"column":23},"end":{"line":90,"column":24}},"loc":{"start":{"line":90,"column":46},"end":{"line":92,"column":1}},"line":90},"7":{"name":"(anonymous_7)","decl":{"start":{"line":95,"column":23},"end":{"line":95,"column":24}},"loc":{"start":{"line":95,"column":46},"end":{"line":97,"column":1}},"line":95},"8":{"name":"(anonymous_8)","decl":{"start":{"line":100,"column":27},"end":{"line":100,"column":28}},"loc":{"start":{"line":100,"column":50},"end":{"line":108,"column":1}},"line":100},"9":{"name":"(anonymous_9)","decl":{"start":{"line":102,"column":28},"end":{"line":102,"column":29}},"loc":{"start":{"line":102,"column":37},"end":{"line":102,"column":52}},"line":102},"10":{"name":"(anonymous_10)","decl":{"start":{"line":111,"column":24},"end":{"line":111,"column":25}},"loc":{"start":{"line":111,"column":47},"end":{"line":183,"column":1}},"line":111},"11":{"name":"(anonymous_11)","decl":{"start":{"line":186,"column":20},"end":{"line":186,"column":21}},"loc":{"start":{"line":186,"column":26},"end":{"line":335,"column":1}},"line":186},"12":{"name":"(anonymous_12)","decl":{"start":{"line":227,"column":55},"end":{"line":227,"column":56}},"loc":{"start":{"line":227,"column":66},"end":{"line":227,"column":98}},"line":227},"13":{"name":"(anonymous_13)","decl":{"start":{"line":252,"column":29},"end":{"line":252,"column":30}},"loc":{"start":{"line":252,"column":40},"end":{"line":252,"column":71}},"line":252},"14":{"name":"(anonymous_14)","decl":{"start":{"line":285,"column":53},"end":{"line":285,"column":54}},"loc":{"start":{"line":285,"column":64},"end":{"line":285,"column":96}},"line":285},"15":{"name":"(anonymous_15)","decl":{"start":{"line":310,"column":29},"end":{"line":310,"column":30}},"loc":{"start":{"line":310,"column":40},"end":{"line":310,"column":70}},"line":310},"16":{"name":"(anonymous_16)","decl":{"start":{"line":338,"column":13},"end":{"line":338,"column":14}},"loc":{"start":{"line":338,"column":19},"end":{"line":340,"column":1}},"line":338},"17":{"name":"(anonymous_17)","decl":{"start":{"line":339,"column":23},"end":{"line":339,"column":24}},"loc":{"start":{"line":339,"column":34},"end":{"line":339,"column":55}},"line":339},"18":{"name":"(anonymous_18)","decl":{"start":{"line":343,"column":15},"end":{"line":343,"column":16}},"loc":{"start":{"line":343,"column":21},"end":{"line":345,"column":1}},"line":343},"19":{"name":"(anonymous_19)","decl":{"start":{"line":344,"column":23},"end":{"line":344,"column":24}},"loc":{"start":{"line":344,"column":34},"end":{"line":344,"column":57}},"line":344},"20":{"name":"(anonymous_20)","decl":{"start":{"line":347,"column":19},"end":{"line":347,"column":20}},"loc":{"start":{"line":347,"column":25},"end":{"line":352,"column":1}},"line":347},"21":{"name":"(anonymous_21)","decl":{"start":{"line":349,"column":33},"end":{"line":349,"column":34}},"loc":{"start":{"line":349,"column":38},"end":{"line":349,"column":42}},"line":349},"22":{"name":"(anonymous_22)","decl":{"start":{"line":355,"column":32},"end":{"line":355,"column":33}},"loc":{"start":{"line":355,"column":38},"end":{"line":357,"column":1}},"line":355},"23":{"name":"(anonymous_23)","decl":{"start":{"line":359,"column":18},"end":{"line":359,"column":19}},"loc":{"start":{"line":359,"column":24},"end":{"line":361,"column":1}},"line":359},"24":{"name":"(anonymous_24)","decl":{"start":{"line":364,"column":20},"end":{"line":364,"column":21}},"loc":{"start":{"line":364,"column":26},"end":{"line":367,"column":1}},"line":364}},"branchMap":{"0":{"loc":{"start":{"line":27,"column":6},"end":{"line":39,"column":7}},"type":"if","locations":[{"start":{"line":27,"column":6},"end":{"line":39,"column":7}},{"start":{"line":37,"column":13},"end":{"line":39,"column":7}}],"line":27},"1":{"loc":{"start":{"line":27,"column":10},"end":{"line":27,"column":68}},"type":"binary-expr","locations":[{"start":{"line":27,"column":10},"end":{"line":27,"column":37}},{"start":{"line":27,"column":41},"end":{"line":27,"column":68}}],"line":27},"2":{"loc":{"start":{"line":103,"column":2},"end":{"line":107,"column":5}},"type":"if","locations":[{"start":{"line":103,"column":2},"end":{"line":107,"column":5}},{"start":{"line":105,"column":11},"end":{"line":107,"column":5}}],"line":103},"3":{"loc":{"start":{"line":115,"column":2},"end":{"line":119,"column":3}},"type":"if","locations":[{"start":{"line":115,"column":2},"end":{"line":119,"column":3}},{"start":{},"end":{}}],"line":115},"4":{"loc":{"start":{"line":115,"column":5},"end":{"line":115,"column":49}},"type":"binary-expr","locations":[{"start":{"line":115,"column":5},"end":{"line":115,"column":16}},{"start":{"line":115,"column":20},"end":{"line":115,"column":31}},{"start":{"line":115,"column":35},"end":{"line":115,"column":49}}],"line":115},"5":{"loc":{"start":{"line":138,"column":2},"end":{"line":146,"column":3}},"type":"if","locations":[{"start":{"line":138,"column":2},"end":{"line":146,"column":3}},{"start":{"line":144,"column":9},"end":{"line":146,"column":3}}],"line":138},"6":{"loc":{"start":{"line":138,"column":6},"end":{"line":138,"column":84}},"type":"binary-expr","locations":[{"start":{"line":138,"column":6},"end":{"line":138,"column":42}},{"start":{"line":138,"column":46},"end":{"line":138,"column":84}}],"line":138},"7":{"loc":{"start":{"line":152,"column":2},"end":{"line":182,"column":3}},"type":"if","locations":[{"start":{"line":152,"column":2},"end":{"line":182,"column":3}},{"start":{"line":173,"column":9},"end":{"line":182,"column":3}}],"line":152},"8":{"loc":{"start":{"line":152,"column":6},"end":{"line":152,"column":68}},"type":"binary-expr","locations":[{"start":{"line":152,"column":6},"end":{"line":152,"column":35}},{"start":{"line":152,"column":39},"end":{"line":152,"column":68}}],"line":152},"9":{"loc":{"start":{"line":190,"column":2},"end":{"line":193,"column":3}},"type":"if","locations":[{"start":{"line":190,"column":2},"end":{"line":193,"column":3}},{"start":{},"end":{}}],"line":190},"10":{"loc":{"start":{"line":200,"column":2},"end":{"line":210,"column":3}},"type":"if","locations":[{"start":{"line":200,"column":2},"end":{"line":210,"column":3}},{"start":{},"end":{}}],"line":200},"11":{"loc":{"start":{"line":219,"column":2},"end":{"line":334,"column":3}},"type":"if","locations":[{"start":{"line":219,"column":2},"end":{"line":334,"column":3}},{"start":{"line":278,"column":9},"end":{"line":334,"column":3}}],"line":219},"12":{"loc":{"start":{"line":229,"column":4},"end":{"line":232,"column":5}},"type":"if","locations":[{"start":{"line":229,"column":4},"end":{"line":232,"column":5}},{"start":{},"end":{}}],"line":229},"13":{"loc":{"start":{"line":237,"column":4},"end":{"line":244,"column":5}},"type":"if","locations":[{"start":{"line":237,"column":4},"end":{"line":244,"column":5}},{"start":{},"end":{}}],"line":237},"14":{"loc":{"start":{"line":240,"column":8},"end":{"line":242,"column":9}},"type":"if","locations":[{"start":{"line":240,"column":8},"end":{"line":242,"column":9}},{"start":{},"end":{}}],"line":240},"15":{"loc":{"start":{"line":249,"column":4},"end":{"line":259,"column":5}},"type":"if","locations":[{"start":{"line":249,"column":4},"end":{"line":259,"column":5}},{"start":{"line":254,"column":11},"end":{"line":259,"column":5}}],"line":249},"16":{"loc":{"start":{"line":288,"column":4},"end":{"line":291,"column":5}},"type":"if","locations":[{"start":{"line":288,"column":4},"end":{"line":291,"column":5}},{"start":{},"end":{}}],"line":288},"17":{"loc":{"start":{"line":296,"column":4},"end":{"line":302,"column":5}},"type":"if","locations":[{"start":{"line":296,"column":4},"end":{"line":302,"column":5}},{"start":{},"end":{}}],"line":296},"18":{"loc":{"start":{"line":298,"column":8},"end":{"line":300,"column":9}},"type":"if","locations":[{"start":{"line":298,"column":8},"end":{"line":300,"column":9}},{"start":{},"end":{}}],"line":298},"19":{"loc":{"start":{"line":307,"column":4},"end":{"line":317,"column":5}},"type":"if","locations":[{"start":{"line":307,"column":4},"end":{"line":317,"column":5}},{"start":{"line":312,"column":11},"end":{"line":317,"column":5}}],"line":307},"20":{"loc":{"start":{"line":348,"column":18},"end":{"line":350,"column":11}},"type":"cond-expr","locations":[{"start":{"line":349,"column":10},"end":{"line":349,"column":44}},{"start":{"line":350,"column":10},"end":{"line":350,"column":11}}],"line":348},"21":{"loc":{"start":{"line":354,"column":13},"end":{"line":354,"column":37}},"type":"binary-expr","locations":[{"start":{"line":354,"column":13},"end":{"line":354,"column":29}},{"start":{"line":354,"column":33},"end":{"line":354,"column":37}}],"line":354}},"s":{"0":3,"1":3,"2":3,"3":3,"4":3,"5":3,"6":3,"7":3,"8":0,"9":0,"10":0,"11":0,"12":0,"13":0,"14":0,"15":0,"16":0,"17":0,"18":0,"19":0,"20":0,"21":0,"22":3,"23":3,"24":3,"25":3,"26":3,"27":1,"28":3,"29":1,"30":3,"31":1,"32":3,"33":2,"34":2,"35":2,"36":2,"37":1,"38":1,"39":3,"40":2,"41":2,"42":1,"43":1,"44":1,"45":1,"46":1,"47":0,"48":0,"49":0,"50":1,"51":1,"52":1,"53":1,"54":0,"55":0,"56":0,"57":0,"58":0,"59":0,"60":0,"61":0,"62":0,"63":0,"64":0,"65":0,"66":0,"67":0,"68":1,"69":1,"70":1,"71":1,"72":1,"73":3,"74":2,"75":2,"76":2,"77":1,"78":1,"79":1,"80":1,"81":0,"82":0,"83":0,"84":0,"85":1,"86":1,"87":0,"88":0,"89":0,"90":0,"91":0,"92":0,"93":0,"94":0,"95":0,"96":0,"97":0,"98":0,"99":0,"100":0,"101":0,"102":0,"103":0,"104":0,"105":0,"106":0,"107":0,"108":0,"109":0,"110":0,"111":0,"112":0,"113":0,"114":1,"115":1,"116":1,"117":1,"118":0,"119":0,"120":1,"121":1,"122":0,"123":0,"124":0,"125":0,"126":1,"127":1,"128":1,"129":1,"130":2,"131":1,"132":0,"133":0,"134":0,"135":1,"136":1,"137":1,"138":1,"139":1,"140":3,"141":1,"142":2,"143":3,"144":0,"145":0,"146":3,"147":1,"148":0,"149":1,"150":3,"151":3,"152":2,"153":3,"154":1,"155":3,"156":3,"157":3,"158":3},"f":{"0":3,"1":0,"2":0,"3":0,"4":0,"5":1,"6":1,"7":1,"8":2,"9":2,"10":2,"11":2,"12":0,"13":0,"14":1,"15":2,"16":1,"17":2,"18":0,"19":0,"20":1,"21":0,"22":2,"23":1,"24":3},"b":{"0":[0,0],"1":[0,0],"2":[1,1],"3":[1,1],"4":[2,1,1],"5":[0,1],"6":[1,1],"7":[0,1],"8":[1,0],"9":[1,1],"10":[0,1],"11":[0,1],"12":[0,0],"13":[0,0],"14":[0,0],"15":[0,0],"16":[0,1],"17":[0,1],"18":[0,0],"19":[1,0],"20":[0,1],"21":[3,3]},"_coverageSchema":"1a1c01bbd47fc00a2c39e90264f33305004495a9","hash":"ee8443119c5550041a2a4787d7007cf6b9f89b76"}
}
