TN:
SF:index.js
FN:12,(anonymous_0)
FN:17,(anonymous_1)
FN:21,(anonymous_2)
FN:26,(anonymous_3)
FN:41,(anonymous_4)
FN:85,(anonymous_5)
FN:90,(anonymous_6)
FN:95,(anonymous_7)
FN:100,(anonymous_8)
FN:102,(anonymous_9)
FN:111,(anonymous_10)
FN:186,(anonymous_11)
FN:227,(anonymous_12)
FN:252,(anonymous_13)
FN:285,(anonymous_14)
FN:310,(anonymous_15)
FN:338,(anonymous_16)
FN:339,(anonymous_17)
FN:343,(anonymous_18)
FN:344,(anonymous_19)
FN:347,(anonymous_20)
FN:349,(anonymous_21)
FN:355,(anonymous_22)
FN:359,(anonymous_23)
FN:364,(anonymous_24)
FNF:25
FNH:16
FNDA:3,(anonymous_0)
FNDA:0,(anonymous_1)
FNDA:0,(anonymous_2)
FNDA:0,(anonymous_3)
FNDA:0,(anonymous_4)
FNDA:1,(anonymous_5)
FNDA:1,(anonymous_6)
FNDA:1,(anonymous_7)
FNDA:2,(anonymous_8)
FNDA:2,(anonymous_9)
FNDA:2,(anonymous_10)
FNDA:2,(anonymous_11)
FNDA:0,(anonymous_12)
FNDA:0,(anonymous_13)
FNDA:1,(anonymous_14)
FNDA:2,(anonymous_15)
FNDA:1,(anonymous_16)
FNDA:2,(anonymous_17)
FNDA:0,(anonymous_18)
FNDA:0,(anonymous_19)
FNDA:1,(anonymous_20)
FNDA:0,(anonymous_21)
FNDA:2,(anonymous_22)
FNDA:1,(anonymous_23)
FNDA:3,(anonymous_24)
DA:1,3
DA:2,3
DA:3,3
DA:4,3
DA:7,3
DA:9,3
DA:12,3
DA:13,3
DA:18,0
DA:21,0
DA:22,0
DA:26,0
DA:27,0
DA:28,0
DA:29,0
DA:30,0
DA:32,0
DA:34,0
DA:35,0
DA:36,0
DA:38,0
DA:42,0
DA:48,3
DA:50,3
DA:77,3
DA:80,3
DA:85,3
DA:86,1
DA:90,3
DA:91,1
DA:95,3
DA:96,1
DA:100,3
DA:101,2
DA:102,2
DA:103,2
DA:104,1
DA:106,1
DA:111,3
DA:112,2
DA:115,2
DA:116,1
DA:121,1
DA:130,1
DA:135,1
DA:138,1
DA:139,0
DA:141,0
DA:143,0
DA:145,1
DA:148,1
DA:149,1
DA:152,1
DA:155,0
DA:158,0
DA:159,0
DA:161,0
DA:162,0
DA:164,0
DA:165,0
DA:166,0
DA:167,0
DA:168,0
DA:169,0
DA:170,0
DA:171,0
DA:172,0
DA:175,1
DA:176,1
DA:177,1
DA:178,1
DA:179,1
DA:186,3
DA:187,2
DA:188,2
DA:190,2
DA:191,1
DA:192,1
DA:196,1
DA:200,1
DA:201,0
DA:202,0
DA:206,0
DA:209,0
DA:213,1
DA:219,1
DA:220,0
DA:227,0
DA:229,0
DA:230,0
DA:231,0
DA:235,0
DA:237,0
DA:239,0
DA:240,0
DA:241,0
DA:248,0
DA:249,0
DA:250,0
DA:252,0
DA:253,0
DA:255,0
DA:257,0
DA:258,0
DA:262,0
DA:268,0
DA:270,0
DA:271,0
DA:272,0
DA:275,0
DA:279,1
DA:285,1
DA:288,1
DA:289,0
DA:290,0
DA:294,1
DA:296,1
DA:297,0
DA:298,0
DA:299,0
DA:306,1
DA:307,1
DA:308,1
DA:310,2
DA:311,1
DA:313,0
DA:315,0
DA:316,0
DA:320,1
DA:326,1
DA:328,1
DA:329,1
DA:332,1
DA:338,3
DA:339,2
DA:343,3
DA:344,0
DA:347,3
DA:348,1
DA:349,0
DA:351,1
DA:354,3
DA:355,3
DA:356,2
DA:359,3
DA:360,1
DA:364,3
DA:365,3
DA:366,3
DA:369,3
LF:150
LH:81
BRDA:27,0,0,0
BRDA:27,0,1,0
BRDA:27,1,0,0
BRDA:27,1,1,0
BRDA:103,2,0,1
BRDA:103,2,1,1
BRDA:115,3,0,1
BRDA:115,3,1,1
BRDA:115,4,0,2
BRDA:115,4,1,1
BRDA:115,4,2,1
BRDA:138,5,0,0
BRDA:138,5,1,1
BRDA:138,6,0,1
BRDA:138,6,1,1
BRDA:152,7,0,0
BRDA:152,7,1,1
BRDA:152,8,0,1
BRDA:152,8,1,0
BRDA:190,9,0,1
BRDA:190,9,1,1
BRDA:200,10,0,0
BRDA:200,10,1,1
BRDA:219,11,0,0
BRDA:219,11,1,1
BRDA:229,12,0,0
BRDA:229,12,1,0
BRDA:237,13,0,0
BRDA:237,13,1,0
BRDA:240,14,0,0
BRDA:240,14,1,0
BRDA:249,15,0,0
BRDA:249,15,1,0
BRDA:288,16,0,0
BRDA:288,16,1,1
BRDA:296,17,0,0
BRDA:296,17,1,1
BRDA:298,18,0,0
BRDA:298,18,1,0
BRDA:307,19,0,1
BRDA:307,19,1,0
BRDA:348,20,0,0
BRDA:348,20,1,1
BRDA:354,21,0,3
BRDA:354,21,1,3
BRF:45
BRH:22
end_of_record
