TN:
SF:index.js
FN:12,(anonymous_0)
FN:17,(anonymous_1)
FN:21,(anonymous_2)
FN:26,(anonymous_3)
FN:42,(anonymous_4)
FN:86,(anonymous_5)
FN:91,(anonymous_6)
FN:96,(anonymous_7)
FN:101,(anonymous_8)
FN:103,(anonymous_9)
FN:112,(anonymous_10)
FN:187,(anonymous_11)
FN:228,(anonymous_12)
FN:253,(anonymous_13)
FN:286,(anonymous_14)
FN:311,(anonymous_15)
FN:339,(anonymous_16)
FN:340,(anonymous_17)
FN:344,(anonymous_18)
FN:345,(anonymous_19)
FN:348,(anonymous_20)
FN:350,(anonymous_21)
FN:356,(anonymous_22)
FN:360,(anonymous_23)
FN:365,(anonymous_24)
FNF:25
FNH:19
FNDA:5,(anonymous_0)
FNDA:5,(anonymous_1)
FNDA:5,(anonymous_2)
FNDA:5,(anonymous_3)
FNDA:0,(anonymous_4)
FNDA:1,(anonymous_5)
FNDA:1,(anonymous_6)
FNDA:1,(anonymous_7)
FNDA:2,(anonymous_8)
FNDA:2,(anonymous_9)
FNDA:2,(anonymous_10)
FNDA:3,(anonymous_11)
FNDA:0,(anonymous_12)
FNDA:0,(anonymous_13)
FNDA:1,(anonymous_14)
FNDA:2,(anonymous_15)
FNDA:1,(anonymous_16)
FNDA:2,(anonymous_17)
FNDA:0,(anonymous_18)
FNDA:0,(anonymous_19)
FNDA:1,(anonymous_20)
FNDA:0,(anonymous_21)
FNDA:1,(anonymous_22)
FNDA:2,(anonymous_23)
FNDA:5,(anonymous_24)
DA:1,4
DA:2,4
DA:3,4
DA:4,4
DA:7,4
DA:9,4
DA:12,4
DA:13,5
DA:18,5
DA:21,5
DA:22,5
DA:26,5
DA:27,5
DA:28,5
DA:29,5
DA:30,5
DA:32,5
DA:33,5
DA:35,5
DA:36,5
DA:37,5
DA:39,0
DA:43,0
DA:49,4
DA:51,4
DA:78,4
DA:81,4
DA:86,4
DA:87,1
DA:91,4
DA:92,1
DA:96,4
DA:97,1
DA:101,4
DA:102,2
DA:103,2
DA:104,2
DA:105,1
DA:107,1
DA:112,4
DA:113,2
DA:116,2
DA:117,1
DA:122,1
DA:131,1
DA:136,1
DA:139,1
DA:140,0
DA:142,0
DA:144,0
DA:146,1
DA:149,1
DA:150,1
DA:153,1
DA:156,0
DA:159,0
DA:160,0
DA:162,0
DA:163,0
DA:165,0
DA:166,0
DA:167,0
DA:168,0
DA:169,0
DA:170,0
DA:171,0
DA:172,0
DA:173,0
DA:176,1
DA:177,1
DA:178,1
DA:179,1
DA:180,1
DA:187,4
DA:188,3
DA:189,3
DA:191,3
DA:192,2
DA:193,2
DA:197,1
DA:201,1
DA:202,0
DA:203,0
DA:207,0
DA:210,0
DA:214,1
DA:220,1
DA:221,0
DA:228,0
DA:230,0
DA:231,0
DA:232,0
DA:236,0
DA:238,0
DA:240,0
DA:241,0
DA:242,0
DA:249,0
DA:250,0
DA:251,0
DA:253,0
DA:254,0
DA:256,0
DA:258,0
DA:259,0
DA:263,0
DA:269,0
DA:271,0
DA:272,0
DA:273,0
DA:276,0
DA:280,1
DA:286,1
DA:289,1
DA:290,0
DA:291,0
DA:295,1
DA:297,1
DA:298,0
DA:299,0
DA:300,0
DA:307,1
DA:308,1
DA:309,1
DA:311,2
DA:312,1
DA:314,0
DA:316,0
DA:317,0
DA:321,1
DA:327,1
DA:329,1
DA:330,1
DA:333,1
DA:339,4
DA:340,2
DA:344,4
DA:345,0
DA:348,4
DA:349,1
DA:350,0
DA:352,1
DA:355,4
DA:356,4
DA:357,1
DA:360,4
DA:361,2
DA:365,4
DA:366,5
DA:367,5
DA:370,4
LF:151
LH:94
BRDA:27,0,0,5
BRDA:27,0,1,0
BRDA:27,1,0,5
BRDA:27,1,1,5
BRDA:104,2,0,1
BRDA:104,2,1,1
BRDA:116,3,0,1
BRDA:116,3,1,1
BRDA:116,4,0,2
BRDA:116,4,1,1
BRDA:116,4,2,1
BRDA:139,5,0,0
BRDA:139,5,1,1
BRDA:139,6,0,1
BRDA:139,6,1,1
BRDA:153,7,0,0
BRDA:153,7,1,1
BRDA:153,8,0,1
BRDA:153,8,1,0
BRDA:191,9,0,2
BRDA:191,9,1,1
BRDA:201,10,0,0
BRDA:201,10,1,1
BRDA:220,11,0,0
BRDA:220,11,1,1
BRDA:230,12,0,0
BRDA:230,12,1,0
BRDA:238,13,0,0
BRDA:238,13,1,0
BRDA:241,14,0,0
BRDA:241,14,1,0
BRDA:250,15,0,0
BRDA:250,15,1,0
BRDA:289,16,0,0
BRDA:289,16,1,1
BRDA:297,17,0,0
BRDA:297,17,1,1
BRDA:299,18,0,0
BRDA:299,18,1,0
BRDA:308,19,0,1
BRDA:308,19,1,0
BRDA:349,20,0,0
BRDA:349,20,1,1
BRDA:355,21,0,4
BRDA:355,21,1,4
BRF:45
BRH:25
end_of_record
